C:\WAMP\WWW\VOXELQUEST\VOXELQUEST\X64\DEBUG\MAIN.OBJ
C:\WAMP\WWW\VOXELQUEST\VOXELQUEST\X64\DEBUG\VC110.PDB
C:\WAMP\WWW\VOXELQUEST\X64\DEBUG\VOXELQUEST.ILK
C:\WAMP\WWW\VOXELQUEST\X64\DEBUG\VOXELQUEST.EXE
C:\WAMP\WWW\VOXELQUEST\X64\DEBUG\VOXELQUEST.PDB
C:\wamp\www\voxelquest\VoxelQuest\x64\Debug\main.obj
C:\wamp\www\voxelquest\VoxelQuest\x64\Debug\cl.command.1.tlog
C:\wamp\www\voxelquest\VoxelQuest\x64\Debug\CL.read.1.tlog
C:\wamp\www\voxelquest\VoxelQuest\x64\Debug\CL.write.1.tlog
C:\wamp\www\voxelquest\VoxelQuest\x64\Debug\link-cvtres.read.1.tlog
C:\wamp\www\voxelquest\VoxelQuest\x64\Debug\link-cvtres.write.1.tlog
C:\wamp\www\voxelquest\VoxelQuest\x64\Debug\link-rc.read.1.tlog
C:\wamp\www\voxelquest\VoxelQuest\x64\Debug\link-rc.write.1.tlog
C:\wamp\www\voxelquest\VoxelQuest\x64\Debug\link.command.1.tlog
C:\wamp\www\voxelquest\VoxelQuest\x64\Debug\link.read.1.tlog
C:\wamp\www\voxelquest\VoxelQuest\x64\Debug\link.read.2.tlog
C:\wamp\www\voxelquest\VoxelQuest\x64\Debug\link.write.1.tlog
C:\wamp\www\voxelquest\VoxelQuest\x64\Debug\vc110.idb
C:\wamp\www\voxelquest\VoxelQuest\x64\Debug\vc110.pdb
C:\wamp\www\voxelquest\x64\Debug\VoxelQuest.pdb
C:\wamp\www\voxelquest\x64\Debug\VoxelQuest.exe
C:\wamp\www\voxelquest\x64\Debug\VoxelQuest.ilk
