Build started 8/29/2013 12:38:33 AM.
     1>Project "C:\wamp\www\voxelquest\VoxelQuest\VoxelQuest.vcxproj" on node 2 (Build target(s)).
     1>PreBuildEvent:
         ../combine.bat
         :VCEnd
         cleaning files
         copying files to source
         .\src\cpp\f00025_includes.h
         .\src\cpp\f00027_vectors.h
         .\src\cpp\f00030_json.h
         .\src\cpp\f00050_enums.h
         .\src\cpp\f00215_helperfuncs.h
         .\src\cpp\f00217_helperclasses.h
         .\src\cpp\f00220_timer.h
         .\src\cpp\f00230_network.h
         .\src\cpp\f00240_simplex.h
         .\src\cpp\f00250_imageloader.h
         .\src\cpp\f00251_fbos.h
         .\src\cpp\f00260_classdefs.h
         .\src\cpp\f00300_singleton.hpp
         .\src\cpp\f00350_gamepage.hpp
         .\src\cpp\f00380_gameworld.hpp
         .\src\cpp\f00500_mainfuncs.h
         16 File(s) copied
         running lzz
         Missing operator.
         tot hpp
         3
         copying headers to one file
         .\f00300_singleton.e
         .\f00350_gamepage.e
         .\f00380_gameworld.e
                 1 file(s) copied.
         Missing operator.
         tot e
         3
         .
         copying files to compiled
         .\temp\f00300_singleton.e
         .\temp\f00350_gamepage.e
         .\temp\f00380_gameworld.e
         3 File(s) copied
         .\temp\f00025_includes.h
         .\temp\f00027_vectors.h
         .\temp\f00030_json.h
         .\temp\f00050_enums.h
         .\temp\f00215_helperfuncs.h
         .\temp\f00217_helperclasses.h
         .\temp\f00220_timer.h
         .\temp\f00230_network.h
         .\temp\f00240_simplex.h
         .\temp\f00250_imageloader.h
         .\temp\f00251_fbos.h
         .\temp\f00260_classdefs.h
         .\temp\f00270_headers.h
         .\temp\f00300_singleton.h
         .\temp\f00350_gamepage.h
         .\temp\f00380_gameworld.h
         .\temp\f00500_mainfuncs.h
                 1 file(s) copied.
       ClCompile:
         C:\Program Files (x86)\Microsoft Visual Studio 11.0\VC\bin\x86_amd64\CL.exe /c /Zi /nologo /W3 /WX- /sdl /Od /D WIN32 /D _DEBUG /D _CONSOLE /D _UNICODE /D UNICODE /Gm /EHsc /RTC1 /MDd /GS /fp:precise /Zc:wchar_t /Zc:forScope /Fo"x64\Debug\\" /Fd"x64\Debug\vc110.pdb" /Gd /TP /errorReport:prompt ..\compiled\main.cpp
         main.cpp
     1>..\compiled\main.cpp(1765): warning C4267: '=' : conversion from 'size_t' to 'int', possible loss of data
     1>..\compiled\main.cpp(2107): warning C4101: 'value' : unreferenced local variable
     1>..\compiled\main.cpp(2546): warning C4244: 'initializing' : conversion from 'double' to 'float', possible loss of data
     1>..\compiled\main.cpp(2552): warning C4244: 'initializing' : conversion from 'double' to 'float', possible loss of data
     1>..\compiled\main.cpp(2572): warning C4244: 'initializing' : conversion from 'double' to 'float', possible loss of data
     1>..\compiled\main.cpp(2573): warning C4244: 'initializing' : conversion from 'double' to 'float', possible loss of data
     1>..\compiled\main.cpp(2583): warning C4244: 'initializing' : conversion from 'double' to 'float', possible loss of data
     1>..\compiled\main.cpp(2590): warning C4244: 'initializing' : conversion from 'double' to 'float', possible loss of data
     1>..\compiled\main.cpp(2597): warning C4244: 'initializing' : conversion from 'double' to 'float', possible loss of data
     1>..\compiled\main.cpp(2606): warning C4244: 'return' : conversion from 'double' to 'float', possible loss of data
     1>..\compiled\main.cpp(2615): warning C4305: 'initializing' : truncation from 'double' to 'float'
     1>..\compiled\main.cpp(2621): warning C4305: 'initializing' : truncation from 'double' to 'float'
     1>..\compiled\main.cpp(2654): warning C4244: 'initializing' : conversion from 'double' to 'float', possible loss of data
     1>..\compiled\main.cpp(2655): warning C4244: 'initializing' : conversion from 'double' to 'float', possible loss of data
     1>..\compiled\main.cpp(2656): warning C4244: 'initializing' : conversion from 'double' to 'float', possible loss of data
     1>..\compiled\main.cpp(2657): warning C4244: 'initializing' : conversion from 'double' to 'float', possible loss of data
     1>..\compiled\main.cpp(2658): warning C4244: 'initializing' : conversion from 'double' to 'float', possible loss of data
     1>..\compiled\main.cpp(2659): warning C4244: 'initializing' : conversion from 'double' to 'float', possible loss of data
     1>..\compiled\main.cpp(2671): warning C4244: 'initializing' : conversion from 'double' to 'float', possible loss of data
     1>..\compiled\main.cpp(2678): warning C4244: 'initializing' : conversion from 'double' to 'float', possible loss of data
     1>..\compiled\main.cpp(2685): warning C4244: 'initializing' : conversion from 'double' to 'float', possible loss of data
     1>..\compiled\main.cpp(2692): warning C4244: 'initializing' : conversion from 'double' to 'float', possible loss of data
     1>..\compiled\main.cpp(2701): warning C4244: 'return' : conversion from 'double' to 'float', possible loss of data
     1>..\compiled\main.cpp(2708): warning C4244: 'initializing' : conversion from 'double' to 'float', possible loss of data
     1>..\compiled\main.cpp(2709): warning C4244: 'initializing' : conversion from 'double' to 'float', possible loss of data
     1>..\compiled\main.cpp(2774): warning C4244: 'initializing' : conversion from 'double' to 'float', possible loss of data
     1>..\compiled\main.cpp(2775): warning C4244: 'initializing' : conversion from 'double' to 'float', possible loss of data
     1>..\compiled\main.cpp(2776): warning C4244: 'initializing' : conversion from 'double' to 'float', possible loss of data
     1>..\compiled\main.cpp(2777): warning C4244: 'initializing' : conversion from 'double' to 'float', possible loss of data
     1>..\compiled\main.cpp(2778): warning C4244: 'initializing' : conversion from 'double' to 'float', possible loss of data
     1>..\compiled\main.cpp(2779): warning C4244: 'initializing' : conversion from 'double' to 'float', possible loss of data
     1>..\compiled\main.cpp(2780): warning C4244: 'initializing' : conversion from 'double' to 'float', possible loss of data
     1>..\compiled\main.cpp(2781): warning C4244: 'initializing' : conversion from 'double' to 'float', possible loss of data
     1>..\compiled\main.cpp(2782): warning C4244: 'initializing' : conversion from 'double' to 'float', possible loss of data
     1>..\compiled\main.cpp(2783): warning C4244: 'initializing' : conversion from 'double' to 'float', possible loss of data
     1>..\compiled\main.cpp(2784): warning C4244: 'initializing' : conversion from 'double' to 'float', possible loss of data
     1>..\compiled\main.cpp(2785): warning C4244: 'initializing' : conversion from 'double' to 'float', possible loss of data
     1>..\compiled\main.cpp(2799): warning C4244: 'initializing' : conversion from 'double' to 'float', possible loss of data
     1>..\compiled\main.cpp(2806): warning C4244: 'initializing' : conversion from 'double' to 'float', possible loss of data
     1>..\compiled\main.cpp(2813): warning C4244: 'initializing' : conversion from 'double' to 'float', possible loss of data
     1>..\compiled\main.cpp(2820): warning C4244: 'initializing' : conversion from 'double' to 'float', possible loss of data
     1>..\compiled\main.cpp(2827): warning C4244: 'initializing' : conversion from 'double' to 'float', possible loss of data
     1>..\compiled\main.cpp(2835): warning C4244: 'return' : conversion from 'double' to 'float', possible loss of data
     1>..\compiled\main.cpp(3416): warning C4101: 'k' : unreferenced local variable
     1>..\compiled\main.cpp(3416): warning C4101: 'm' : unreferenced local variable
     1>..\compiled\main.cpp(3677): warning C4244: 'argument' : conversion from 'time_t' to 'unsigned int', possible loss of data
     1>..\compiled\main.cpp(3816): warning C4101: 'j' : unreferenced local variable
     1>..\compiled\main.cpp(3872): warning C4244: '=' : conversion from 'int' to 'float', possible loss of data
     1>..\compiled\main.cpp(3873): warning C4244: '=' : conversion from 'int' to 'float', possible loss of data
     1>..\compiled\main.cpp(4009): warning C4244: '+=' : conversion from 'double' to 'float', possible loss of data
     1>..\compiled\main.cpp(4010): warning C4244: '-=' : conversion from 'double' to 'float', possible loss of data
     1>..\compiled\main.cpp(4160): warning C4244: '=' : conversion from 'int' to 'float', possible loss of data
     1>..\compiled\main.cpp(4161): warning C4244: '=' : conversion from 'int' to 'float', possible loss of data
     1>..\compiled\main.cpp(4166): warning C4244: '=' : conversion from 'int' to 'float', possible loss of data
     1>..\compiled\main.cpp(4167): warning C4244: '=' : conversion from 'int' to 'float', possible loss of data
     1>..\compiled\main.cpp(4198): warning C4305: '=' : truncation from 'double' to 'float'
     1>..\compiled\main.cpp(4203): warning C4305: '=' : truncation from 'double' to 'float'
     1>..\compiled\main.cpp(4209): warning C4244: '=' : conversion from 'double' to 'float', possible loss of data
     1>..\compiled\main.cpp(4279): warning C4244: '=' : conversion from 'int' to 'float', possible loss of data
     1>..\compiled\main.cpp(4280): warning C4244: '=' : conversion from 'double' to 'float', possible loss of data
     1>..\compiled\main.cpp(4397): warning C4244: '=' : conversion from 'int' to 'float', possible loss of data
     1>..\compiled\main.cpp(4404): warning C4244: '=' : conversion from 'int' to 'float', possible loss of data
     1>..\compiled\main.cpp(4411): warning C4244: '=' : conversion from 'int' to 'float', possible loss of data
     1>..\compiled\main.cpp(4434): warning C4244: '=' : conversion from 'double' to 'float', possible loss of data
     1>..\compiled\main.cpp(4435): warning C4244: 'argument' : conversion from 'double' to 'uint', possible loss of data
     1>..\compiled\main.cpp(4449): warning C4244: 'argument' : conversion from 'double' to 'uint', possible loss of data
     1>..\compiled\main.cpp(4532): warning C4244: 'argument' : conversion from 'int' to 'float', possible loss of data
     1>..\compiled\main.cpp(4696): warning C4244: '=' : conversion from 'int' to 'float', possible loss of data
     1>..\compiled\main.cpp(4697): warning C4244: '=' : conversion from 'int' to 'float', possible loss of data
     1>..\compiled\main.cpp(4698): warning C4244: '=' : conversion from 'int' to 'float', possible loss of data
     1>..\compiled\main.cpp(4724): warning C4305: 'argument' : truncation from 'double' to 'GLclampf'
     1>..\compiled\main.cpp(4761): warning C4244: '=' : conversion from 'float' to 'int', possible loss of data
     1>..\compiled\main.cpp(4762): warning C4244: '=' : conversion from 'float' to 'int', possible loss of data
     1>..\compiled\main.cpp(4763): warning C4244: '=' : conversion from 'float' to 'int', possible loss of data
     1>..\compiled\main.cpp(4744): warning C4101: 'res' : unreferenced local variable
     1>..\compiled\main.cpp(4776): warning C4101: 'm' : unreferenced local variable
     1>..\compiled\main.cpp(4842): warning C4101: 'exc' : unreferenced local variable
     1>..\compiled\main.cpp(4942): warning C4244: '=' : conversion from 'float' to 'int', possible loss of data
     1>..\compiled\main.cpp(4943): warning C4244: '=' : conversion from 'float' to 'int', possible loss of data
     1>..\compiled\main.cpp(4944): warning C4244: '=' : conversion from 'float' to 'int', possible loss of data
     1>..\compiled\main.cpp(4928): warning C4101: 'res' : unreferenced local variable
     1>..\compiled\main.cpp(4949): warning C4101: 'm' : unreferenced local variable
     1>..\compiled\main.cpp(5018): warning C4244: 'initializing' : conversion from 'int' to 'float', possible loss of data
     1>..\compiled\main.cpp(5019): warning C4244: 'initializing' : conversion from 'int' to 'float', possible loss of data
     1>..\compiled\main.cpp(5020): warning C4244: 'initializing' : conversion from 'int' to 'float', possible loss of data
     1>..\compiled\main.cpp(5021): warning C4244: 'initializing' : conversion from 'int' to 'float', possible loss of data
       Link:
         C:\Program Files (x86)\Microsoft Visual Studio 11.0\VC\bin\x86_amd64\link.exe /ERRORREPORT:PROMPT /OUT:"C:\wamp\www\voxelquest\x64\Debug\VoxelQuest.exe" /INCREMENTAL /NOLOGO /LIBPATH:C:\wamp\www\voxelquest\glew\lib /LIBPATH:"C:\Program Files (x86)\Windows Kits\8.0\Lib\win8\um\x64" /LIBPATH:"C:\Program Files (x86)\Microsoft Visual Studio 11.0\VC\lib\amd64" kernel32.lib user32.lib gdi32.lib winspool.lib comdlg32.lib advapi32.lib shell32.lib ole32.lib oleaut32.lib uuid.lib odbc32.lib odbccp32.lib /MANIFEST /MANIFESTUAC:"level='asInvoker' uiAccess='false'" /manifest:embed /DEBUG /PDB:"C:\wamp\www\voxelquest\x64\Debug\VoxelQuest.pdb" /SUBSYSTEM:CONSOLE /TLBID:1 /DYNAMICBASE /NXCOMPAT /IMPLIB:"C:\wamp\www\voxelquest\x64\Debug\VoxelQuest.lib" /MACHINE:X64 x64\Debug\main.obj
         VoxelQuest.vcxproj -> C:\wamp\www\voxelquest\x64\Debug\VoxelQuest.exe
       PostBuildEvent:
         ../debug_cleanup.bat;
         :VCEnd
         Cleanup Started
     1>Done Building Project "C:\wamp\www\voxelquest\VoxelQuest\VoxelQuest.vcxproj" (Build target(s)).

Build succeeded.

Time Elapsed 00:00:01.69
