C:\WAMP\WWW\VOXELQUEST\WINSERVER\WINSERVER\DEBUG\WINSERVER.PCH
C:\WAMP\WWW\VOXELQUEST\WINSERVER\WINSERVER\DEBUG\STDAFX.OBJ
C:\WAMP\WWW\VOXELQUEST\WINSERVER\WINSERVER\DEBUG\VC110.PDB
C:\WAMP\WWW\VOXELQUEST\WINSERVER\WINSERVER\DEBUG\WINSERVER.OBJ
C:\WAMP\WWW\VOXELQUEST\WINSERVER\WINSERVER\DEBUG\WINSERVER.ILK
C:\WAMP\WWW\VOXELQUEST\WINSERVER\WINSERVER\DEBUG\WINSERVER.EXE
C:\WAMP\WWW\VOXELQUEST\WINSERVER\WINSERVER\DEBUG\WINSERVER.PDB
C:\WAMP\WWW\VOXELQUEST\WINSERVER\WINSERVER\DEBUG\WINSERVER.RES
C:\wamp\www\voxelquest\winserver\Debug\stdafx.obj
C:\wamp\www\voxelquest\winserver\Debug\winserver.obj
C:\wamp\www\voxelquest\winserver\Debug\winserver.ilk
C:\wamp\www\voxelquest\winserver\Debug\cl.command.1.tlog
C:\wamp\www\voxelquest\winserver\Debug\CL.read.1.tlog
C:\wamp\www\voxelquest\winserver\Debug\CL.write.1.tlog
C:\wamp\www\voxelquest\winserver\Debug\link-cvtres.read.1.tlog
C:\wamp\www\voxelquest\winserver\Debug\link-cvtres.write.1.tlog
C:\wamp\www\voxelquest\winserver\Debug\link-rc.read.1.tlog
C:\wamp\www\voxelquest\winserver\Debug\link-rc.write.1.tlog
C:\wamp\www\voxelquest\winserver\Debug\link.command.1.tlog
C:\wamp\www\voxelquest\winserver\Debug\link.read.1.tlog
C:\wamp\www\voxelquest\winserver\Debug\link.write.1.tlog
C:\wamp\www\voxelquest\winserver\Debug\rc.command.1.tlog
C:\wamp\www\voxelquest\winserver\Debug\rc.read.1.tlog
C:\wamp\www\voxelquest\winserver\Debug\rc.write.1.tlog
C:\wamp\www\voxelquest\winserver\Debug\winserver.res
C:\wamp\www\voxelquest\winserver\Debug\winserver.pch
C:\wamp\www\voxelquest\winserver\Debug\vc110.idb
C:\wamp\www\voxelquest\winserver\Debug\vc110.pdb
C:\wamp\www\voxelquest\winserver\Debug\winserver.pdb
C:\wamp\www\voxelquest\winserver\Debug\winserver.exe
