C:\WAMP\WWW\VOXELQUEST\GLEW\BUILD\VC10\TMP\GLEW_SHARED\RELEASE\WIN32\GLEW.OBJ
C:\WAMP\WWW\VOXELQUEST\GLEW\BUILD\VC10\TMP\GLEW_SHARED\RELEASE\WIN32\VC110.PDB
C:\wamp\www\voxelquest\glew\lib\Release\Win32\glew32.lib
C:\wamp\www\voxelquest\glew\lib\Release\Win32\glew32.exp
C:\WAMP\WWW\VOXELQUEST\GLEW\BIN\RELEASE\WIN32\GLEW32.DLL
C:\WAMP\WWW\VOXELQUEST\GLEW\BUILD\VC10\TMP\GLEW_SHARED\RELEASE\WIN32\GLEW.RES
C:\wamp\www\voxelquest\glew\build\vc10\tmp\glew_shared\Release\Win32\glew.obj
C:\wamp\www\voxelquest\glew\build\vc10\tmp\glew_shared\Release\Win32\cl.command.1.tlog
C:\wamp\www\voxelquest\glew\build\vc10\tmp\glew_shared\Release\Win32\CL.read.1.tlog
C:\wamp\www\voxelquest\glew\build\vc10\tmp\glew_shared\Release\Win32\CL.write.1.tlog
C:\wamp\www\voxelquest\glew\build\vc10\tmp\glew_shared\Release\Win32\glew_shared.write.1.tlog
C:\wamp\www\voxelquest\glew\build\vc10\tmp\glew_shared\Release\Win32\link-cvtres.read.1.tlog
C:\wamp\www\voxelquest\glew\build\vc10\tmp\glew_shared\Release\Win32\link-cvtres.write.1.tlog
C:\wamp\www\voxelquest\glew\build\vc10\tmp\glew_shared\Release\Win32\link-rc.read.1.tlog
C:\wamp\www\voxelquest\glew\build\vc10\tmp\glew_shared\Release\Win32\link-rc.write.1.tlog
C:\wamp\www\voxelquest\glew\build\vc10\tmp\glew_shared\Release\Win32\link.command.1.tlog
C:\wamp\www\voxelquest\glew\build\vc10\tmp\glew_shared\Release\Win32\link.read.1.tlog
C:\wamp\www\voxelquest\glew\build\vc10\tmp\glew_shared\Release\Win32\link.write.1.tlog
C:\wamp\www\voxelquest\glew\build\vc10\tmp\glew_shared\Release\Win32\rc.command.1.tlog
C:\wamp\www\voxelquest\glew\build\vc10\tmp\glew_shared\Release\Win32\rc.read.1.tlog
C:\wamp\www\voxelquest\glew\build\vc10\tmp\glew_shared\Release\Win32\rc.write.1.tlog
C:\wamp\www\voxelquest\glew\build\vc10\tmp\glew_shared\Release\Win32\glew.res
C:\wamp\www\voxelquest\glew\build\vc10\tmp\glew_shared\Release\Win32\vc110.pdb
C:\wamp\www\voxelquest\glew\build\vc10\../../bin\Release\Win32\glew32.dll
