C:\WAMP\WWW\VOXELQUEST\WINSERVER\RELEASE\WINSERVER.PCH
C:\WAMP\WWW\VOXELQUEST\WINSERVER\RELEASE\STDAFX.OBJ
C:\WAMP\WWW\VOXELQUEST\WINSERVER\RELEASE\VC110.PDB
C:\WAMP\WWW\VOXELQUEST\WINSERVER\RELEASE\WINSERVER.OBJ
C:\WAMP\WWW\VOXELQUEST\WINSERVER\RELEASE\WINSERVER.EXE
C:\WAMP\WWW\VOXELQUEST\WINSERVER\RELEASE\WINSERVER.PDB
C:\WAMP\WWW\VOXELQUEST\WINSERVER\RELEASE\WINSERVER.RES
C:\wamp\www\voxelquest\winserver\Release\stdafx.obj
C:\wamp\www\voxelquest\winserver\Release\winserver.obj
C:\wamp\www\voxelquest\winserver\Release\cl.command.1.tlog
C:\wamp\www\voxelquest\winserver\Release\CL.read.1.tlog
C:\wamp\www\voxelquest\winserver\Release\CL.write.1.tlog
C:\wamp\www\voxelquest\winserver\Release\link-cvtres.read.1.tlog
C:\wamp\www\voxelquest\winserver\Release\link-cvtres.write.1.tlog
C:\wamp\www\voxelquest\winserver\Release\link-rc.read.1.tlog
C:\wamp\www\voxelquest\winserver\Release\link-rc.write.1.tlog
C:\wamp\www\voxelquest\winserver\Release\link.command.1.tlog
C:\wamp\www\voxelquest\winserver\Release\link.read.1.tlog
C:\wamp\www\voxelquest\winserver\Release\link.write.1.tlog
C:\wamp\www\voxelquest\winserver\Release\rc.command.1.tlog
C:\wamp\www\voxelquest\winserver\Release\rc.read.1.tlog
C:\wamp\www\voxelquest\winserver\Release\rc.write.1.tlog
C:\wamp\www\voxelquest\winserver\Release\winserver.res
C:\wamp\www\voxelquest\winserver\Release\winserver.pch
C:\wamp\www\voxelquest\winserver\Release\vc110.pdb
C:\wamp\www\voxelquest\winserver\Release\winserver.pdb
C:\wamp\www\voxelquest\winserver\Release\winserver.exe
