C:\WAMP\WWW\VOXELQUEST\GLEW\BUILD\VC10\TMP\GLEW_SHARED\DEBUG\X64\GLEW.OBJ
C:\WAMP\WWW\VOXELQUEST\GLEW\BUILD\VC10\TMP\GLEW_SHARED\DEBUG\X64\VC110.PDB
C:\wamp\www\voxelquest\glew\lib\Debug\x64\glew32d.lib
C:\wamp\www\voxelquest\glew\lib\Debug\x64\glew32d.exp
C:\WAMP\WWW\VOXELQUEST\GLEW\BIN\DEBUG\X64\GLEW32D.DLL
C:\WAMP\WWW\VOXELQUEST\GLEW\BIN\DEBUG\X64\GLEW32D.PDB
C:\WAMP\WWW\VOXELQUEST\GLEW\BUILD\VC10\TMP\GLEW_SHARED\DEBUG\X64\GLEW.RES
C:\wamp\www\voxelquest\glew\build\vc10\tmp\glew_shared\Debug\x64\glew.obj
C:\wamp\www\voxelquest\glew\build\vc10\tmp\glew_shared\Debug\x64\cl.command.1.tlog
C:\wamp\www\voxelquest\glew\build\vc10\tmp\glew_shared\Debug\x64\CL.read.1.tlog
C:\wamp\www\voxelquest\glew\build\vc10\tmp\glew_shared\Debug\x64\CL.write.1.tlog
C:\wamp\www\voxelquest\glew\build\vc10\tmp\glew_shared\Debug\x64\glew_shared.write.1.tlog
C:\wamp\www\voxelquest\glew\build\vc10\tmp\glew_shared\Debug\x64\link-cvtres.read.1.tlog
C:\wamp\www\voxelquest\glew\build\vc10\tmp\glew_shared\Debug\x64\link-cvtres.write.1.tlog
C:\wamp\www\voxelquest\glew\build\vc10\tmp\glew_shared\Debug\x64\link-rc.read.1.tlog
C:\wamp\www\voxelquest\glew\build\vc10\tmp\glew_shared\Debug\x64\link-rc.write.1.tlog
C:\wamp\www\voxelquest\glew\build\vc10\tmp\glew_shared\Debug\x64\link.command.1.tlog
C:\wamp\www\voxelquest\glew\build\vc10\tmp\glew_shared\Debug\x64\link.read.1.tlog
C:\wamp\www\voxelquest\glew\build\vc10\tmp\glew_shared\Debug\x64\link.write.1.tlog
C:\wamp\www\voxelquest\glew\build\vc10\tmp\glew_shared\Debug\x64\rc.command.1.tlog
C:\wamp\www\voxelquest\glew\build\vc10\tmp\glew_shared\Debug\x64\rc.read.1.tlog
C:\wamp\www\voxelquest\glew\build\vc10\tmp\glew_shared\Debug\x64\rc.write.1.tlog
C:\wamp\www\voxelquest\glew\build\vc10\tmp\glew_shared\Debug\x64\glew.res
C:\wamp\www\voxelquest\glew\build\vc10\tmp\glew_shared\Debug\x64\vc110.pdb
C:\wamp\www\voxelquest\glew\build\vc10\../../bin\Debug\x64\glew32d.dll
