C:\WAMP\WWW\VOXELQUEST\GLEW\BUILD\VC10\TMP\GLEW_SHARED\RELEASE\X64\GLEW.OBJ
C:\WAMP\WWW\VOXELQUEST\GLEW\BUILD\VC10\TMP\GLEW_SHARED\RELEASE\X64\VC110.PDB
C:\wamp\www\voxelquest\glew\lib\Release\x64\glew32.lib
C:\wamp\www\voxelquest\glew\lib\Release\x64\glew32.exp
C:\WAMP\WWW\VOXELQUEST\GLEW\BIN\RELEASE\X64\GLEW32.DLL
C:\WAMP\WWW\VOXELQUEST\GLEW\BUILD\VC10\TMP\GLEW_SHARED\RELEASE\X64\GLEW.RES
C:\wamp\www\voxelquest\glew\build\vc10\tmp\glew_shared\Release\x64\glew.obj
C:\wamp\www\voxelquest\glew\build\vc10\tmp\glew_shared\Release\x64\cl.command.1.tlog
C:\wamp\www\voxelquest\glew\build\vc10\tmp\glew_shared\Release\x64\CL.read.1.tlog
C:\wamp\www\voxelquest\glew\build\vc10\tmp\glew_shared\Release\x64\CL.write.1.tlog
C:\wamp\www\voxelquest\glew\build\vc10\tmp\glew_shared\Release\x64\glew_shared.write.1.tlog
C:\wamp\www\voxelquest\glew\build\vc10\tmp\glew_shared\Release\x64\link-cvtres.read.1.tlog
C:\wamp\www\voxelquest\glew\build\vc10\tmp\glew_shared\Release\x64\link-cvtres.write.1.tlog
C:\wamp\www\voxelquest\glew\build\vc10\tmp\glew_shared\Release\x64\link-rc.read.1.tlog
C:\wamp\www\voxelquest\glew\build\vc10\tmp\glew_shared\Release\x64\link-rc.write.1.tlog
C:\wamp\www\voxelquest\glew\build\vc10\tmp\glew_shared\Release\x64\link.command.1.tlog
C:\wamp\www\voxelquest\glew\build\vc10\tmp\glew_shared\Release\x64\link.read.1.tlog
C:\wamp\www\voxelquest\glew\build\vc10\tmp\glew_shared\Release\x64\link.write.1.tlog
C:\wamp\www\voxelquest\glew\build\vc10\tmp\glew_shared\Release\x64\rc.command.1.tlog
C:\wamp\www\voxelquest\glew\build\vc10\tmp\glew_shared\Release\x64\rc.read.1.tlog
C:\wamp\www\voxelquest\glew\build\vc10\tmp\glew_shared\Release\x64\rc.write.1.tlog
C:\wamp\www\voxelquest\glew\build\vc10\tmp\glew_shared\Release\x64\glew.res
C:\wamp\www\voxelquest\glew\build\vc10\../../bin\Release\x64\glew32.dll
